<?xml version="1.0" encoding="UTF-8"?>
<!-- Generated by org.testng.reporters.JUnitXMLReporter -->
<testsuite hostname="ETC02VQ3HKG8WN.local" ignored="0" tests="4" failures="0" timestamp="2019-12-30T18:51:10 IST" time="2.691" errors="0">
  <testcase name="createBoard" time="0.899" classname="TrelloTest"/>
  <testcase name="createList" time="1.329" classname="TrelloTest"/>
  <testcase name="createCard" time="1.783" classname="TrelloTest"/>
  <testcase name="updateCardName" time="1.783" classname="TrelloTest"/>
</testsuite>
